npm warn tar TAR_ENTRY_ERROR UNKNOWN: unknown error, open 'C:\Users\Pathway Learner\eventbytes-monorepo\apps\api\node_modules\@kurkle\color\dist\color.cjs'
npm warn tar TAR_ENTRY_ERROR UNKNOWN: unknown error, open 'C:\Users\Pathway Learner\eventbytes-monorepo\apps\api\node_modules\@radix-ui\react-use-controllable-state\dist\index.js'
npm warn tar TAR_ENTRY_ERROR UNKNOWN: unknown error, open 'C:\Users\Pathway Learner\eventbytes-monorepo\apps\api\node_modules\acorn\LICENSE'
npm warn tar TAR_ENTRY_ERROR UNKNOWN: unknown error, open 'C:\Users\Pathway Learner\eventbytes-monorepo\apps\api\node_modules\@radix-ui\primitive\package.json'
npm warn tar TAR_ENTRY_ERROR UNKNOWN: unknown error, open 'C:\Users\Pathway Learner\eventbytes-monorepo\apps\api\node_modules\@radix-ui\react-use-effect-event\package.json'
npm warn tar TAR_ENTRY_ERROR UNKNOWN: unknown error, open 'C:\Users\Pathway Learner\eventbytes-monorepo\apps\api\node_modules\@prisma\debug\package.json'
npm warn tar TAR_ENTRY_ERROR UNKNOWN: unknown error, open 'C:\Users\Pathway Learner\eventbytes-monorepo\apps\api\node_modules\@radix-ui\react-toggle\package.json'
npm warn tar TAR_ENTRY_ERROR UNKNOWN: unknown error, open 'C:\Users\Pathway Learner\eventbytes-monorepo\apps\api\node_modules\@radix-ui\react-slot\package.json'
npm warn tar TAR_ENTRY_ERROR UNKNOWN: unknown error, open 'C:\Users\Pathway Learner\eventbytes-monorepo\apps\api\node_modules\@babel\parser\LICENSE'
npm warn tar TAR_ENTRY_ERROR UNKNOWN: unknown error, open 'C:\Users\Pathway Learner\eventbytes-monorepo\apps\api\node_modules\scheduler\index.native.js'
npm warn tar TAR_ENTRY_ERROR UNKNOWN: unknown error, open 'C:\Users\Pathway Learner\eventbytes-monorepo\apps\api\node_modules\seq-queue\README.md'
npm warn tar TAR_ENTRY_ERROR UNKNOWN: unknown error, open 'C:\Users\Pathway Learner\eventbytes-monorepo\apps\api\node_modules\generate-function\example.js'
npm warn tar TAR_ENTRY_ERROR UNKNOWN: unknown error, open 'C:\Users\Pathway Learner\eventbytes-monorepo\apps\api\node_modules\named-placeholders\package.json'
npm warn tar TAR_ENTRY_ERROR UNKNOWN: unknown error, open 'C:\Users\Pathway Learner\eventbytes-monorepo\apps\api\node_modules\perfect-debounce\README.md'
npm warn tar TAR_ENTRY_ERROR UNKNOWN: unknown error, open 'C:\Users\Pathway Learner\eventbytes-monorepo\apps\api\node_modules\is-property\README.md'
npm warn tar TAR_ENTRY_ERROR UNKNOWN: unknown error, open 'C:\Users\Pathway Learner\eventbytes-monorepo\apps\api\node_modules\ohash\README.md'
npm warn tar TAR_ENTRY_ERROR UNKNOWN: unknown error, open 'C:\Users\Pathway Learner\eventbytes-monorepo\apps\api\node_modules\@prisma\streams-local\node_modules\ajv\dist\2019.js'
npm warn tar TAR_ENTRY_ERROR UNKNOWN: unknown error, open 'C:\Users\Pathway Learner\eventbytes-monorepo\apps\api\node_modules\@prisma\debug\dist\index.d.mts'
npm warn deprecated glob@10.5.0: Old versions of glob are not supported, and contain widely publicized security vulnerabilities, which have been fixed in the current version. Please update. Support for old versions may be purchased (at exorbitant rates) by contacting i@izs.me
npm warn deprecated glob@10.5.0: Old versions of glob are not supported, and contain widely publicized security vulnerabilities, which have been fixed in the current version. Please update. Support for old versions may be purchased (at exorbitant rates) by contacting i@izs.me
npm warn deprecated glob@10.5.0: Old versions of glob are not supported, and contain widely publicized security vulnerabilities, which have been fixed in the current version. Please update. Support for old versions may be purchased (at exorbitant rates) by contacting i@izs.me
npm warn cleanup Failed to remove some directories [
npm warn cleanup   [
npm warn cleanup     'C:\\Users\\Pathway Learner\\eventbytes-monorepo\\apps\\api\\node_modules\\.terser-AnQNR3l2',
npm warn cleanup     [Error: EPERM: operation not permitted, rmdir 'C:\Users\Pathway Learner\eventbytes-monorepo\apps\api\node_modules\.terser-AnQNR3l2\dist'] {
npm warn cleanup       errno: -4048,
npm warn cleanup       code: 'EPERM',
npm warn cleanup       syscall: 'rmdir',
npm warn cleanup       path: 'C:\\Users\\Pathway Learner\\eventbytes-monorepo\\apps\\api\\node_modules\\.terser-AnQNR3l2\\dist'
npm warn cleanup     }
npm warn cleanup   ],
npm warn cleanup   [
npm warn cleanup     'C:\\Users\\Pathway Learner\\eventbytes-monorepo\\apps\\api\\node_modules\\.webpack-0s0ALifx',
npm warn cleanup     [Error: EPERM: operation not permitted, rmdir 'C:\Users\Pathway Learner\eventbytes-monorepo\apps\api\node_modules\.webpack-0s0ALifx\schemas\plugins\schemes'] {
npm warn cleanup       errno: -4048,
npm warn cleanup       code: 'EPERM',
npm warn cleanup       syscall: 'rmdir',
npm warn cleanup       path: 'C:\\Users\\Pathway Learner\\eventbytes-monorepo\\apps\\api\\node_modules\\.webpack-0s0ALifx\\schemas\\plugins\\schemes'
npm warn cleanup     }
npm warn cleanup   ],
npm warn cleanup   [
npm warn cleanup     'C:\\Users\\Pathway Learner\\eventbytes-monorepo\\apps\\api\\node_modules\\@angular-devkit\\core\\node_modules\\.rxjs-F5S2ckZ9',
npm warn cleanup     [Error: EPERM: operation not permitted, rmdir 'C:\Users\Pathway Learner\eventbytes-monorepo\apps\api\node_modules\@angular-devkit\core\node_modules\.rxjs-F5S2ckZ9\dist\esm\internal\scheduler'] {
npm warn cleanup       errno: -4048,
npm warn cleanup       code: 'EPERM',
npm warn cleanup       syscall: 'rmdir',
npm warn cleanup       path: 'C:\\Users\\Pathway Learner\\eventbytes-monorepo\\apps\\api\\node_modules\\@angular-devkit\\core\\node_modules\\.rxjs-F5S2ckZ9\\dist\\esm\\internal\\scheduler'
npm warn cleanup     }
npm warn cleanup   ],
npm warn cleanup   [
npm warn cleanup     'C:\\Users\\Pathway Learner\\eventbytes-monorepo\\apps\\api\\node_modules\\@angular-devkit\\schematics\\node_modules\\.rxjs-dwdNBEHY',
npm warn cleanup     [Error: EPERM: operation not permitted, rmdir 'C:\Users\Pathway Learner\eventbytes-monorepo\apps\api\node_modules\@angular-devkit\schematics\node_modules\.rxjs-dwdNBEHY\dist\cjs\internal\testing'] {
npm warn cleanup       errno: -4048,
npm warn cleanup       code: 'EPERM',
npm warn cleanup       syscall: 'rmdir',
npm warn cleanup       path: 'C:\\Users\\Pathway Learner\\eventbytes-monorepo\\apps\\api\\node_modules\\@angular-devkit\\schematics\\node_modules\\.rxjs-dwdNBEHY\\dist\\cjs\\internal\\testing'
npm warn cleanup     }
npm warn cleanup   ],
npm warn cleanup   [
npm warn cleanup     'C:\\Users\\Pathway Learner\\eventbytes-monorepo\\apps\\api\\node_modules\\@nestjs\\.cli-nPEZo4MB',
npm warn cleanup     [Error: EPERM: operation not permitted, rmdir 'C:\Users\Pathway Learner\eventbytes-monorepo\apps\api\node_modules\@nestjs\.cli-nPEZo4MB\node_modules\webpack\lib\serialization'] {
npm warn cleanup       errno: -4048,
npm warn cleanup       code: 'EPERM',
npm warn cleanup       syscall: 'rmdir',
npm warn cleanup       path: 'C:\\Users\\Pathway Learner\\eventbytes-monorepo\\apps\\api\\node_modules\\@nestjs\\.cli-nPEZo4MB\\node_modules\\webpack\\lib\\serialization'
npm warn cleanup     }
npm warn cleanup   ],
npm warn cleanup   [
npm warn cleanup     'C:\\Users\\Pathway Learner\\eventbytes-monorepo\\apps\\api\\node_modules\\.rxjs-dTG1qhid',
npm warn cleanup     [Error: EPERM: operation not permitted, rmdir 'C:\Users\Pathway Learner\eventbytes-monorepo\apps\api\node_modules\.rxjs-dTG1qhid\dist\cjs\internal\observable\dom'] {
npm warn cleanup       errno: -4048,
npm warn cleanup       code: 'EPERM',
npm warn cleanup       syscall: 'rmdir',
npm warn cleanup       path: 'C:\\Users\\Pathway Learner\\eventbytes-monorepo\\apps\\api\\node_modules\\.rxjs-dTG1qhid\\dist\\cjs\\internal\\observable\\dom'
npm warn cleanup     }
npm warn cleanup   ]
npm warn cleanup ]

added 82 packages, changed 40 packages, and audited 778 packages in 10m

159 packages are looking for funding
  run `npm fund` for details

3 moderate severity vulnerabilities

To address all issues, run:
  npm audit fix

Run `npm audit` for details.
npm warn allow-scripts 3 packages have install scripts not yet covered by allowScripts:
npm warn allow-scripts   unrs-resolver@1.12.2 (install: (install scripts present))
npm warn allow-scripts   prisma@7.8.0 (preinstall: node scripts/preinstall-entry.js)
npm warn allow-scripts   @prisma/engines@7.8.0 (postinstall: node scripts/postinstall.js)
npm warn allow-scripts
npm warn allow-scripts Run `npm approve-scripts --allow-scripts-pending` to review, or `npm approve-scripts <pkg>` to allow.
